<root><Event><system><Provider Name="Microsoft-Windows-PowerShell" Guid="{a0c1853b-5c40-4b15-8766-3cf1c58f985a}" /><EventID>53504</EventID><Version>1</Version><Level>4</Level><Task>111</Task><Opcode>10</Opcode><Keywords>0x0000000000000000</Keywords><TimeCreated SystemTime="2021-06-13 12:08:38.449903" /><EventRecordID>2239</EventRecordID><Correlation ActivityID="{5c725f44-5ff4-0000-1e6a-735cf45fd701}" /><Execution ProcessID="11188" ThreadID="7800" /><Channel>Microsoft-Windows-PowerShell/Operational</Channel><Computer>LAPTOP-80LNI1KD</Computer><Security UserID="S-1-5-21-2272772416-3862118069-305090489-1001" /></system><EventData><Data Name="param1">11188</Data><Data Name="param2">LenovoCompanionAppPlugin</Data></EventData></Event><Event><system><Provider Name="Microsoft-Windows-PowerShell" Guid="{a0c1853b-5c40-4b15-8766-3cf1c58f985a}" /><EventID>53504</EventID><Version>1</Version><Level>4</Level><Task>111</Task><Opcode>10</Opcode><Keywords>0x0000000000000000</Keywords><TimeCreated SystemTime="2021-06-14 09:44:38.663607" /><EventRecordID>2241</EventRecordID><Correlation ActivityID="{5c725f44-5ff4-0001-5f84-775cf45fd701}" /><Execution ProcessID="12928" ThreadID="17020" /><Channel>Microsoft-Windows-PowerShell/Operational</Channel><Computer>LAPTOP-80LNI1KD</Computer><Security UserID="S-1-5-21-2272772416-3862118069-305090489-1001" /></system><EventData><Data Name="param1">12928</Data><Data Name="param2">DefaultAppDomain</Data></EventData></Event><Event><system><Provider Name="Microsoft-Windows-PowerShell" Guid="{a0c1853b-5c40-4b15-8766-3cf1c58f985a}" /><EventID>53504</EventID><Version>1</Version><Level>4</Level><Task>111</Task><Opcode>10</Opcode><Keywords>0x0000000000000000</Keywords><TimeCreated SystemTime="2021-06-14 12:21:41.281887" /><EventRecordID>2243</EventRecordID><Correlation ActivityID="{5c725f44-5ff4-0001-42da-775cf45fd701}" /><Execution ProcessID="10124" ThreadID="12676" /><Channel>Microsoft-Windows-PowerShell/Operational</Channel><Computer>LAPTOP-80LNI1KD</Computer><Security UserID="S-1-5-21-2272772416-3862118069-305090489-1001" /></system><EventData><Data Name="param1">10124</Data><Data Name="param2">LenovoCompanionAppPlugin</Data></EventData></Event><Event><system><Provider Name="Microsoft-Windows-PowerShell" Guid="{a0c1853b-5c40-4b15-8766-3cf1c58f985a}" /><EventID>53504</EventID><Version>1</Version><Level>4</Level><Task>111</Task><Opcode>10</Opcode><Keywords>0x0000000000000000</Keywords><TimeCreated SystemTime="2021-06-14 13:23:21.469408" /><EventRecordID>2245</EventRecordID><Correlation ActivityID="{5c725f44-5ff4-0000-3d20-7c5cf45fd701}" /><Execution ProcessID="14824" ThreadID="9732" /><Channel>Microsoft-Windows-PowerShell/Operational</Channel><Computer>LAPTOP-80LNI1KD</Computer><Security UserID="S-1-5-21-2272772416-3862118069-305090489-1001" /></system><EventData><Data Name="param1">14824</Data><Data Name="param2">DefaultAppDomain</Data></EventData></Event><Event><system><Provider Name="Microsoft-Windows-PowerShell" Guid="{a0c1853b-5c40-4b15-8766-3cf1c58f985a}" /><EventID>53504</EventID><Version>1</Version><Level>4</Level><Task>111</Task><Opcode>10</Opcode><Keywords>0x0000000000000000</Keywords><TimeCreated SystemTime="2021-06-15 08:18:12.410944" /><EventRecordID>2248</EventRecordID><Correlation ActivityID="{5c725f44-5ff4-0002-9383-855cf45fd701}" /><Execution ProcessID="16432" ThreadID="17152" /><Channel>Microsoft-Windows-PowerShell/Operational</Channel><Computer>LAPTOP-80LNI1KD</Computer><Security UserID="S-1-5-21-2272772416-3862118069-305090489-1001" /></system><EventData><Data Name="param1">16432</Data><Data Name="param2">DefaultAppDomain</Data></EventData></Event><Event><system><Provider Name="Microsoft-Windows-PowerShell" Guid="{a0c1853b-5c40-4b15-8766-3cf1c58f985a}" /><EventID>53504</EventID><Version>1</Version><Level>4</Level><Task>111</Task><Opcode>10</Opcode><Keywords>0x0000000000000000</Keywords><TimeCreated SystemTime="2021-06-15 08:19:08.393589" /><EventRecordID>2251</EventRecordID><Correlation ActivityID="{5c725f44-5ff4-0003-83c0-7c5cf45fd701}" /><Execution ProcessID="15240" ThreadID="6552" /><Channel>Microsoft-Windows-PowerShell/Operational</Channel><Computer>LAPTOP-80LNI1KD</Computer><Security UserID="S-1-5-21-2272772416-3862118069-305090489-1001" /></system><EventData><Data Name="param1">15240</Data><Data Name="param2">DefaultAppDomain</Data></EventData></Event><Event><system><Provider Name="Microsoft-Windows-PowerShell" Guid="{a0c1853b-5c40-4b15-8766-3cf1c58f985a}" /><EventID>53504</EventID><Version>1</Version><Level>4</Level><Task>111</Task><Opcode>10</Opcode><Keywords>0x0000000000000000</Keywords><TimeCreated SystemTime="2021-06-15 08:32:50.195715" /><EventRecordID>2254</EventRecordID><Correlation ActivityID="{5c725f44-5ff4-0002-7494-855cf45fd701}" /><Execution ProcessID="12344" ThreadID="18560" /><Channel>Microsoft-Windows-PowerShell/Operational</Channel><Computer>LAPTOP-80LNI1KD</Computer><Security UserID="S-1-5-21-2272772416-3862118069-305090489-1001" /></system><EventData><Data Name="param1">12344</Data><Data Name="param2">DefaultAppDomain</Data></EventData></Event><Event><system><Provider Name="Microsoft-Windows-PowerShell" Guid="{a0c1853b-5c40-4b15-8766-3cf1c58f985a}" /><EventID>53504</EventID><Version>1</Version><Level>4</Level><Task>111</Task><Opcode>10</Opcode><Keywords>0x0000000000000000</Keywords><TimeCreated SystemTime="2021-06-15 08:39:51.882477" /><EventRecordID>2257</EventRecordID><Correlation ActivityID="{5c725f44-5ff4-0000-63ce-855cf45fd701}" /><Execution ProcessID="9996" ThreadID="19248" /><Channel>Microsoft-Windows-PowerShell/Operational</Channel><Computer>LAPTOP-80LNI1KD</Computer><Security UserID="S-1-5-21-2272772416-3862118069-305090489-1001" /></system><EventData><Data Name="param1">9996</Data><Data Name="param2">DefaultAppDomain</Data></EventData></Event><Event><system><Provider Name="Microsoft-Windows-PowerShell" Guid="{a0c1853b-5c40-4b15-8766-3cf1c58f985a}" /><EventID>53504</EventID><Version>1</Version><Level>4</Level><Task>111</Task><Opcode>10</Opcode><Keywords>0x0000000000000000</Keywords><TimeCreated SystemTime="2021-06-15 08:41:48.980925" /><EventRecordID>2260</EventRecordID><Correlation ActivityID="{5c725f44-5ff4-0003-27d0-7c5cf45fd701}" /><Execution ProcessID="7272" ThreadID="14116" /><Channel>Microsoft-Windows-PowerShell/Operational</Channel><Computer>LAPTOP-80LNI1KD</Computer><Security UserID="S-1-5-21-2272772416-3862118069-305090489-1001" /></system><EventData><Data Name="param1">7272</Data><Data Name="param2">DefaultAppDomain</Data></EventData></Event><Event><system><Provider Name="Microsoft-Windows-PowerShell" Guid="{a0c1853b-5c40-4b15-8766-3cf1c58f985a}" /><EventID>53504</EventID><Version>1</Version><Level>4</Level><Task>111</Task><Opcode>10</Opcode><Keywords>0x0000000000000000</Keywords><TimeCreated SystemTime="2021-06-15 08:42:23.259497" /><EventRecordID>2263</EventRecordID><Correlation ActivityID="{5c725f44-5ff4-0003-e0d1-7c5cf45fd701}" /><Execution ProcessID="14868" ThreadID="17136" /><Channel>Microsoft-Windows-PowerShell/Operational</Channel><Computer>LAPTOP-80LNI1KD</Computer><Security UserID="S-1-5-21-2272772416-3862118069-305090489-1001" /></system><EventData><Data Name="param1">14868</Data><Data Name="param2">DefaultAppDomain</Data></EventData></Event><Event><system><Provider Name="Microsoft-Windows-PowerShell" Guid="{a0c1853b-5c40-4b15-8766-3cf1c58f985a}" /><EventID>53504</EventID><Version>1</Version><Level>4</Level><Task>111</Task><Opcode>10</Opcode><Keywords>0x0000000000000000</Keywords><TimeCreated SystemTime="2021-06-15 08:52:17.153008" /><EventRecordID>2266</EventRecordID><Correlation ActivityID="{5c725f44-5ff4-0003-3edf-7c5cf45fd701}" /><Execution ProcessID="2812" ThreadID="14316" /><Channel>Microsoft-Windows-PowerShell/Operational</Channel><Computer>LAPTOP-80LNI1KD</Computer><Security UserID="S-1-5-21-2272772416-3862118069-305090489-1001" /></system><EventData><Data Name="param1">2812</Data><Data Name="param2">DefaultAppDomain</Data></EventData></Event><Event><system><Provider Name="Microsoft-Windows-PowerShell" Guid="{a0c1853b-5c40-4b15-8766-3cf1c58f985a}" /><EventID>53504</EventID><Version>1</Version><Level>4</Level><Task>111</Task><Opcode>10</Opcode><Keywords>0x0000000000000000</Keywords><TimeCreated SystemTime="2021-06-15 08:53:10.557100" /><EventRecordID>2269</EventRecordID><Correlation ActivityID="{5c725f44-5ff4-0001-24b9-7d5cf45fd701}" /><Execution ProcessID="17328" ThreadID="7508" /><Channel>Microsoft-Windows-PowerShell/Operational</Channel><Computer>LAPTOP-80LNI1KD</Computer><Security UserID="S-1-5-21-2272772416-3862118069-305090489-1001" /></system><EventData><Data Name="param1">17328</Data><Data Name="param2">DefaultAppDomain</Data></EventData></Event><Event><system><Provider Name="Microsoft-Windows-PowerShell" Guid="{a0c1853b-5c40-4b15-8766-3cf1c58f985a}" /><EventID>53504</EventID><Version>1</Version><Level>4</Level><Task>111</Task><Opcode>10</Opcode><Keywords>0x0000000000000000</Keywords><TimeCreated SystemTime="2021-06-15 08:57:53.813606" /><EventRecordID>2272</EventRecordID><Correlation ActivityID="{5c725f44-5ff4-0000-cef8-855cf45fd701}" /><Execution ProcessID="15912" ThreadID="4596" /><Channel>Microsoft-Windows-PowerShell/Operational</Channel><Computer>LAPTOP-80LNI1KD</Computer><Security UserID="S-1-5-21-2272772416-3862118069-305090489-1001" /></system><EventData><Data Name="param1">15912</Data><Data Name="param2">DefaultAppDomain</Data></EventData></Event><Event><system><Provider Name="Microsoft-Windows-PowerShell" Guid="{a0c1853b-5c40-4b15-8766-3cf1c58f985a}" /><EventID>53504</EventID><Version>1</Version><Level>4</Level><Task>111</Task><Opcode>10</Opcode><Keywords>0x0000000000000000</Keywords><TimeCreated SystemTime="2021-06-15 08:59:21.455952" /><EventRecordID>2275</EventRecordID><Correlation ActivityID="{5c725f44-5ff4-0002-5ec3-855cf45fd701}" /><Execution ProcessID="16940" ThreadID="9124" /><Channel>Microsoft-Windows-PowerShell/Operational</Channel><Computer>LAPTOP-80LNI1KD</Computer><Security UserID="S-1-5-21-2272772416-3862118069-305090489-1001" /></system><EventData><Data Name="param1">16940</Data><Data Name="param2">DefaultAppDomain</Data></EventData></Event><Event><system><Provider Name="Microsoft-Windows-PowerShell" Guid="{a0c1853b-5c40-4b15-8766-3cf1c58f985a}" /><EventID>53504</EventID><Version>1</Version><Level>4</Level><Task>111</Task><Opcode>10</Opcode><Keywords>0x0000000000000000</Keywords><TimeCreated SystemTime="2021-06-15 08:59:46.746937" /><EventRecordID>2278</EventRecordID><Correlation ActivityID="{5c725f44-5ff4-0003-e8ed-7c5cf45fd701}" /><Execution ProcessID="3088" ThreadID="16988" /><Channel>Microsoft-Windows-PowerShell/Operational</Channel><Computer>LAPTOP-80LNI1KD</Computer><Security UserID="S-1-5-21-2272772416-3862118069-305090489-1001" /></system><EventData><Data Name="param1">3088</Data><Data Name="param2">DefaultAppDomain</Data></EventData></Event><Event><system><Provider Name="Microsoft-Windows-PowerShell" Guid="{a0c1853b-5c40-4b15-8766-3cf1c58f985a}" /><EventID>53504</EventID><Version>1</Version><Level>4</Level><Task>111</Task><Opcode>10</Opcode><Keywords>0x0000000000000000</Keywords><TimeCreated SystemTime="2021-06-15 09:01:21.559750" /><EventRecordID>2281</EventRecordID><Correlation ActivityID="{5c725f44-5ff4-0003-34ef-7c5cf45fd701}" /><Execution ProcessID="16468" ThreadID="16420" /><Channel>Microsoft-Windows-PowerShell/Operational</Channel><Computer>LAPTOP-80LNI1KD</Computer><Security UserID="S-1-5-21-2272772416-3862118069-305090489-1001" /></system><EventData><Data Name="param1">16468</Data><Data Name="param2">DefaultAppDomain</Data></EventData></Event><Event><system><Provider Name="Microsoft-Windows-PowerShell" Guid="{a0c1853b-5c40-4b15-8766-3cf1c58f985a}" /><EventID>53504</EventID><Version>1</Version><Level>4</Level><Task>111</Task><Opcode>10</Opcode><Keywords>0x0000000000000000</Keywords><TimeCreated SystemTime="2021-06-15 09:02:04.446482" /><EventRecordID>2284</EventRecordID><Correlation ActivityID="{5c725f44-5ff4-0003-3af0-7c5cf45fd701}" /><Execution ProcessID="18260" ThreadID="17016" /><Channel>Microsoft-Windows-PowerShell/Operational</Channel><Computer>LAPTOP-80LNI1KD</Computer><Security UserID="S-1-5-21-2272772416-3862118069-305090489-1001" /></system><EventData><Data Name="param1">18260</Data><Data Name="param2">DefaultAppDomain</Data></EventData></Event><Event><system><Provider Name="Microsoft-Windows-PowerShell" Guid="{a0c1853b-5c40-4b15-8766-3cf1c58f985a}" /><EventID>53504</EventID><Version>1</Version><Level>4</Level><Task>111</Task><Opcode>10</Opcode><Keywords>0x0000000000000000</Keywords><TimeCreated SystemTime="2021-06-15 09:04:06.165762" /><EventRecordID>2287</EventRecordID><Correlation ActivityID="{5c725f44-5ff4-0003-38f3-7c5cf45fd701}" /><Execution ProcessID="14588" ThreadID="11200" /><Channel>Microsoft-Windows-PowerShell/Operational</Channel><Computer>LAPTOP-80LNI1KD</Computer><Security UserID="S-1-5-21-2272772416-3862118069-305090489-1001" /></system><EventData><Data Name="param1">14588</Data><Data Name="param2">DefaultAppDomain</Data></EventData></Event><Event><system><Provider Name="Microsoft-Windows-PowerShell" Guid="{a0c1853b-5c40-4b15-8766-3cf1c58f985a}" /><EventID>53504</EventID><Version>1</Version><Level>4</Level><Task>111</Task><Opcode>10</Opcode><Keywords>0x0000000000000000</Keywords><TimeCreated SystemTime="2021-06-15 09:06:23.613779" /><EventRecordID>2290</EventRecordID><Correlation ActivityID="{5c725f44-5ff4-0001-bbd4-7d5cf45fd701}" /><Execution ProcessID="5728" ThreadID="16484" /><Channel>Microsoft-Windows-PowerShell/Operational</Channel><Computer>LAPTOP-80LNI1KD</Computer><Security UserID="S-1-5-21-2272772416-3862118069-305090489-1001" /></system><EventData><Data Name="param1">5728</Data><Data Name="param2">DefaultAppDomain</Data></EventData></Event><Event><system><Provider Name="Microsoft-Windows-PowerShell" Guid="{a0c1853b-5c40-4b15-8766-3cf1c58f985a}" /><EventID>53504</EventID><Version>1</Version><Level>4</Level><Task>111</Task><Opcode>10</Opcode><Keywords>0x0000000000000000</Keywords><TimeCreated SystemTime="2021-06-15 09:06:46.280333" /><EventRecordID>2293</EventRecordID><Correlation ActivityID="{5c725f44-5ff4-0002-51d8-855cf45fd701}" /><Execution ProcessID="14608" ThreadID="7024" /><Channel>Microsoft-Windows-PowerShell/Operational</Channel><Computer>LAPTOP-80LNI1KD</Computer><Security UserID="S-1-5-21-2272772416-3862118069-305090489-1001" /></system><EventData><Data Name="param1">14608</Data><Data Name="param2">DefaultAppDomain</Data></EventData></Event><Event><system><Provider Name="Microsoft-Windows-PowerShell" Guid="{a0c1853b-5c40-4b15-8766-3cf1c58f985a}" /><EventID>53504</EventID><Version>1</Version><Level>4</Level><Task>111</Task><Opcode>10</Opcode><Keywords>0x0000000000000000</Keywords><TimeCreated SystemTime="2021-06-15 09:22:00.455467" /><EventRecordID>2296</EventRecordID><Correlation ActivityID="{5c725f44-5ff4-0002-2fde-855cf45fd701}" /><Execution ProcessID="16088" ThreadID="5084" /><Channel>Microsoft-Windows-PowerShell/Operational</Channel><Computer>LAPTOP-80LNI1KD</Computer><Security UserID="S-1-5-21-2272772416-3862118069-305090489-1001" /></system><EventData><Data Name="param1">16088</Data><Data Name="param2">DefaultAppDomain</Data></EventData></Event><Event><system><Provider Name="Microsoft-Windows-PowerShell" Guid="{a0c1853b-5c40-4b15-8766-3cf1c58f985a}" /><EventID>53504</EventID><Version>1</Version><Level>4</Level><Task>111</Task><Opcode>10</Opcode><Keywords>0x0000000000000000</Keywords><TimeCreated SystemTime="2021-06-15 09:22:26.230030" /><EventRecordID>2299</EventRecordID><Correlation ActivityID="{5c725f44-5ff4-0003-a2fe-7c5cf45fd701}" /><Execution ProcessID="4856" ThreadID="3388" /><Channel>Microsoft-Windows-PowerShell/Operational</Channel><Computer>LAPTOP-80LNI1KD</Computer><Security UserID="S-1-5-21-2272772416-3862118069-305090489-1001" /></system><EventData><Data Name="param1">4856</Data><Data Name="param2">DefaultAppDomain</Data></EventData></Event><Event><system><Provider Name="Microsoft-Windows-PowerShell" Guid="{a0c1853b-5c40-4b15-8766-3cf1c58f985a}" /><EventID>53504</EventID><Version>1</Version><Level>4</Level><Task>111</Task><Opcode>10</Opcode><Keywords>0x0000000000000000</Keywords><TimeCreated SystemTime="2021-06-15 09:23:07.639885" /><EventRecordID>2302</EventRecordID><Correlation ActivityID="{5c725f44-5ff4-0002-d5e3-855cf45fd701}" /><Execution ProcessID="10512" ThreadID="2308" /><Channel>Microsoft-Windows-PowerShell/Operational</Channel><Computer>LAPTOP-80LNI1KD</Computer><Security UserID="S-1-5-21-2272772416-3862118069-305090489-1001" /></system><EventData><Data Name="param1">10512</Data><Data Name="param2">DefaultAppDomain</Data></EventData></Event><Event><system><Provider Name="Microsoft-Windows-PowerShell" Guid="{a0c1853b-5c40-4b15-8766-3cf1c58f985a}" /><EventID>53504</EventID><Version>1</Version><Level>4</Level><Task>111</Task><Opcode>10</Opcode><Keywords>0x0000000000000000</Keywords><TimeCreated SystemTime="2021-06-15 09:23:33.355621" /><EventRecordID>2305</EventRecordID><Correlation ActivityID="{5c725f44-5ff4-0003-2202-7d5cf45fd701}" /><Execution ProcessID="15816" ThreadID="1892" /><Channel>Microsoft-Windows-PowerShell/Operational</Channel><Computer>LAPTOP-80LNI1KD</Computer><Security UserID="S-1-5-21-2272772416-3862118069-305090489-1001" /></system><EventData><Data Name="param1">15816</Data><Data Name="param2">DefaultAppDomain</Data></EventData></Event><Event><system><Provider Name="Microsoft-Windows-PowerShell" Guid="{a0c1853b-5c40-4b15-8766-3cf1c58f985a}" /><EventID>53504</EventID><Version>1</Version><Level>4</Level><Task>111</Task><Opcode>10</Opcode><Keywords>0x0000000000000000</Keywords><TimeCreated SystemTime="2021-06-15 09:24:30.331907" /><EventRecordID>2308</EventRecordID><Correlation ActivityID="{5c725f44-5ff4-0003-7704-7d5cf45fd701}" /><Execution ProcessID="12588" ThreadID="18504" /><Channel>Microsoft-Windows-PowerShell/Operational</Channel><Computer>LAPTOP-80LNI1KD</Computer><Security UserID="S-1-5-21-2272772416-3862118069-305090489-1001" /></system><EventData><Data Name="param1">12588</Data><Data Name="param2">DefaultAppDomain</Data></EventData></Event><Event><system><Provider Name="Microsoft-Windows-PowerShell" Guid="{a0c1853b-5c40-4b15-8766-3cf1c58f985a}" /><EventID>53504</EventID><Version>1</Version><Level>4</Level><Task>111</Task><Opcode>10</Opcode><Keywords>0x0000000000000000</Keywords><TimeCreated SystemTime="2021-06-15 09:25:55.271975" /><EventRecordID>2311</EventRecordID><Correlation ActivityID="{5c725f44-5ff4-0003-f407-7d5cf45fd701}" /><Execution ProcessID="4864" ThreadID="18568" /><Channel>Microsoft-Windows-PowerShell/Operational</Channel><Computer>LAPTOP-80LNI1KD</Computer><Security UserID="S-1-5-21-2272772416-3862118069-305090489-1001" /></system><EventData><Data Name="param1">4864</Data><Data Name="param2">DefaultAppDomain</Data></EventData></Event><Event><system><Provider Name="Microsoft-Windows-PowerShell" Guid="{a0c1853b-5c40-4b15-8766-3cf1c58f985a}" /><EventID>53504</EventID><Version>1</Version><Level>4</Level><Task>111</Task><Opcode>10</Opcode><Keywords>0x0000000000000000</Keywords><TimeCreated SystemTime="2021-06-15 09:27:32.308107" /><EventRecordID>2314</EventRecordID><Correlation ActivityID="{5c725f44-5ff4-0003-040b-7d5cf45fd701}" /><Execution ProcessID="15380" ThreadID="18560" /><Channel>Microsoft-Windows-PowerShell/Operational</Channel><Computer>LAPTOP-80LNI1KD</Computer><Security UserID="S-1-5-21-2272772416-3862118069-305090489-1001" /></system><EventData><Data Name="param1">15380</Data><Data Name="param2">DefaultAppDomain</Data></EventData></Event><Event><system><Provider Name="Microsoft-Windows-PowerShell" Guid="{a0c1853b-5c40-4b15-8766-3cf1c58f985a}" /><EventID>53504</EventID><Version>1</Version><Level>4</Level><Task>111</Task><Opcode>10</Opcode><Keywords>0x0000000000000000</Keywords><TimeCreated SystemTime="2021-06-15 09:27:55.430069" /><EventRecordID>2317</EventRecordID><Correlation ActivityID="{5c725f44-5ff4-0000-c630-865cf45fd701}" /><Execution ProcessID="15868" ThreadID="19444" /><Channel>Microsoft-Windows-PowerShell/Operational</Channel><Computer>LAPTOP-80LNI1KD</Computer><Security UserID="S-1-5-21-2272772416-3862118069-305090489-1001" /></system><EventData><Data Name="param1">15868</Data><Data Name="param2">DefaultAppDomain</Data></EventData></Event><Event><system><Provider Name="Microsoft-Windows-PowerShell" Guid="{a0c1853b-5c40-4b15-8766-3cf1c58f985a}" /><EventID>53504</EventID><Version>1</Version><Level>4</Level><Task>111</Task><Opcode>10</Opcode><Keywords>0x0000000000000000</Keywords><TimeCreated SystemTime="2021-06-15 09:30:37.243727" /><EventRecordID>2320</EventRecordID><Correlation ActivityID="{5c725f44-5ff4-0003-440e-7d5cf45fd701}" /><Execution ProcessID="10448" ThreadID="8692" /><Channel>Microsoft-Windows-PowerShell/Operational</Channel><Computer>LAPTOP-80LNI1KD</Computer><Security UserID="S-1-5-21-2272772416-3862118069-305090489-1001" /></system><EventData><Data Name="param1">10448</Data><Data Name="param2">DefaultAppDomain</Data></EventData></Event><Event><system><Provider Name="Microsoft-Windows-PowerShell" Guid="{a0c1853b-5c40-4b15-8766-3cf1c58f985a}" /><EventID>53504</EventID><Version>1</Version><Level>4</Level><Task>111</Task><Opcode>10</Opcode><Keywords>0x0000000000000000</Keywords><TimeCreated SystemTime="2021-06-15 09:48:24.054939" /><EventRecordID>2323</EventRecordID><Correlation ActivityID="{5c725f44-5ff4-0003-3b18-7d5cf45fd701}" /><Execution ProcessID="6028" ThreadID="6476" /><Channel>Microsoft-Windows-PowerShell/Operational</Channel><Computer>LAPTOP-80LNI1KD</Computer><Security UserID="S-1-5-21-2272772416-3862118069-305090489-1001" /></system><EventData><Data Name="param1">6028</Data><Data Name="param2">DefaultAppDomain</Data></EventData></Event><Event><system><Provider Name="Microsoft-Windows-PowerShell" Guid="{a0c1853b-5c40-4b15-8766-3cf1c58f985a}" /><EventID>53504</EventID><Version>1</Version><Level>4</Level><Task>111</Task><Opcode>10</Opcode><Keywords>0x0000000000000000</Keywords><TimeCreated SystemTime="2021-06-15 09:52:38.570852" /><EventRecordID>2326</EventRecordID><Correlation ActivityID="{5c725f44-5ff4-0000-a757-865cf45fd701}" /><Execution ProcessID="19228" ThreadID="12928" /><Channel>Microsoft-Windows-PowerShell/Operational</Channel><Computer>LAPTOP-80LNI1KD</Computer><Security UserID="S-1-5-21-2272772416-3862118069-305090489-1001" /></system><EventData><Data Name="param1">19228</Data><Data Name="param2">DefaultAppDomain</Data></EventData></Event><Event><system><Provider Name="Microsoft-Windows-PowerShell" Guid="{a0c1853b-5c40-4b15-8766-3cf1c58f985a}" /><EventID>53504</EventID><Version>1</Version><Level>4</Level><Task>111</Task><Opcode>10</Opcode><Keywords>0x0000000000000000</Keywords><TimeCreated SystemTime="2021-06-15 09:54:05.213203" /><EventRecordID>2329</EventRecordID><Correlation ActivityID="{5c725f44-5ff4-0003-2e21-7d5cf45fd701}" /><Execution ProcessID="14960" ThreadID="18376" /><Channel>Microsoft-Windows-PowerShell/Operational</Channel><Computer>LAPTOP-80LNI1KD</Computer><Security UserID="S-1-5-21-2272772416-3862118069-305090489-1001" /></system><EventData><Data Name="param1">14960</Data><Data Name="param2">DefaultAppDomain</Data></EventData></Event><Event><system><Provider Name="Microsoft-Windows-PowerShell" Guid="{a0c1853b-5c40-4b15-8766-3cf1c58f985a}" /><EventID>53504</EventID><Version>1</Version><Level>4</Level><Task>111</Task><Opcode>10</Opcode><Keywords>0x0000000000000000</Keywords><TimeCreated SystemTime="2021-06-15 09:56:28.760185" /><EventRecordID>2332</EventRecordID><Correlation ActivityID="{5c725f44-5ff4-0002-be36-865cf45fd701}" /><Execution ProcessID="15804" ThreadID="7556" /><Channel>Microsoft-Windows-PowerShell/Operational</Channel><Computer>LAPTOP-80LNI1KD</Computer><Security UserID="S-1-5-21-2272772416-3862118069-305090489-1001" /></system><EventData><Data Name="param1">15804</Data><Data Name="param2">DefaultAppDomain</Data></EventData></Event><Event><system><Provider Name="Microsoft-Windows-PowerShell" Guid="{a0c1853b-5c40-4b15-8766-3cf1c58f985a}" /><EventID>53504</EventID><Version>1</Version><Level>4</Level><Task>111</Task><Opcode>10</Opcode><Keywords>0x0000000000000000</Keywords><TimeCreated SystemTime="2021-06-15 09:56:36.078989" /><EventRecordID>2335</EventRecordID><Correlation ActivityID="{5c725f44-5ff4-0000-8c73-865cf45fd701}" /><Execution ProcessID="9156" ThreadID="4472" /><Channel>Microsoft-Windows-PowerShell/Operational</Channel><Computer>LAPTOP-80LNI1KD</Computer><Security UserID="S-1-5-21-2272772416-3862118069-305090489-1001" /></system><EventData><Data Name="param1">9156</Data><Data Name="param2">DefaultAppDomain</Data></EventData></Event><Event><system><Provider Name="Microsoft-Windows-PowerShell" Guid="{a0c1853b-5c40-4b15-8766-3cf1c58f985a}" /><EventID>53504</EventID><Version>1</Version><Level>4</Level><Task>111</Task><Opcode>10</Opcode><Keywords>0x0000000000000000</Keywords><TimeCreated SystemTime="2021-06-15 09:57:42.502661" /><EventRecordID>2338</EventRecordID><Correlation ActivityID="{5c725f44-5ff4-0002-093d-865cf45fd701}" /><Execution ProcessID="1048" ThreadID="11200" /><Channel>Microsoft-Windows-PowerShell/Operational</Channel><Computer>LAPTOP-80LNI1KD</Computer><Security UserID="S-1-5-21-2272772416-3862118069-305090489-1001" /></system><EventData><Data Name="param1">1048</Data><Data Name="param2">DefaultAppDomain</Data></EventData></Event><Event><system><Provider Name="Microsoft-Windows-PowerShell" Guid="{a0c1853b-5c40-4b15-8766-3cf1c58f985a}" /><EventID>53504</EventID><Version>1</Version><Level>4</Level><Task>111</Task><Opcode>10</Opcode><Keywords>0x0000000000000000</Keywords><TimeCreated SystemTime="2021-06-15 10:10:30.645498" /><EventRecordID>2343</EventRecordID><Correlation ActivityID="{5c725f44-5ff4-0001-cb2e-7e5cf45fd701}" /><Execution ProcessID="13604" ThreadID="17100" /><Channel>Microsoft-Windows-PowerShell/Operational</Channel><Computer>LAPTOP-80LNI1KD</Computer><Security UserID="S-1-5-21-2272772416-3862118069-305090489-1001" /></system><EventData><Data Name="param1">13604</Data><Data Name="param2">DefaultAppDomain</Data></EventData></Event><Event><system><Provider Name="Microsoft-Windows-PowerShell" Guid="{a0c1853b-5c40-4b15-8766-3cf1c58f985a}" /><EventID>53504</EventID><Version>1</Version><Level>4</Level><Task>111</Task><Opcode>10</Opcode><Keywords>0x0000000000000000</Keywords><TimeCreated SystemTime="2021-06-15 10:10:49.506441" /><EventRecordID>2346</EventRecordID><Correlation ActivityID="{5c725f44-5ff4-0003-8a3c-7d5cf45fd701}" /><Execution ProcessID="2452" ThreadID="7116" /><Channel>Microsoft-Windows-PowerShell/Operational</Channel><Computer>LAPTOP-80LNI1KD</Computer><Security UserID="S-1-5-21-2272772416-3862118069-305090489-1001" /></system><EventData><Data Name="param1">2452</Data><Data Name="param2">DefaultAppDomain</Data></EventData></Event><Event><system><Provider Name="Microsoft-Windows-PowerShell" Guid="{a0c1853b-5c40-4b15-8766-3cf1c58f985a}" /><EventID>53504</EventID><Version>1</Version><Level>4</Level><Task>111</Task><Opcode>10</Opcode><Keywords>0x0000000000000000</Keywords><TimeCreated SystemTime="2021-06-15 13:24:51.155514" /><EventRecordID>2349</EventRecordID><Correlation ActivityID="{5c725f44-5ff4-0003-ad81-7d5cf45fd701}" /><Execution ProcessID="17804" ThreadID="10512" /><Channel>Microsoft-Windows-PowerShell/Operational</Channel><Computer>LAPTOP-80LNI1KD</Computer><Security UserID="S-1-5-21-2272772416-3862118069-305090489-1001" /></system><EventData><Data Name="param1">17804</Data><Data Name="param2">DefaultAppDomain</Data></EventData></Event><Event><system><Provider Name="Microsoft-Windows-PowerShell" Guid="{a0c1853b-5c40-4b15-8766-3cf1c58f985a}" /><EventID>53504</EventID><Version>1</Version><Level>4</Level><Task>111</Task><Opcode>10</Opcode><Keywords>0x0000000000000000</Keywords><TimeCreated SystemTime="2021-06-15 20:24:38.890303" /><EventRecordID>2352</EventRecordID><Correlation ActivityID="{a98aa8bb-6223-0002-87f4-8aa92362d701}" /><Execution ProcessID="15472" ThreadID="15576" /><Channel>Microsoft-Windows-PowerShell/Operational</Channel><Computer>LAPTOP-80LNI1KD</Computer><Security UserID="S-1-5-18" /></system><EventData><Data Name="param1">15472</Data><Data Name="param2">DefaultAppDomain</Data></EventData></Event><Event><system><Provider Name="Microsoft-Windows-PowerShell" Guid="{a0c1853b-5c40-4b15-8766-3cf1c58f985a}" /><EventID>53504</EventID><Version>1</Version><Level>4</Level><Task>111</Task><Opcode>10</Opcode><Keywords>0x0000000000000000</Keywords><TimeCreated SystemTime="2021-06-15 20:24:44.127295" /><EventRecordID>2355</EventRecordID><Correlation ActivityID="{a98aa8bb-6223-0003-b8e9-8aa92362d701}" /><Execution ProcessID="15624" ThreadID="15740" /><Channel>Microsoft-Windows-PowerShell/Operational</Channel><Computer>LAPTOP-80LNI1KD</Computer><Security UserID="S-1-5-18" /></system><EventData><Data Name="param1">15624</Data><Data Name="param2">DefaultAppDomain</Data></EventData></Event><Event><system><Provider Name="Microsoft-Windows-PowerShell" Guid="{a0c1853b-5c40-4b15-8766-3cf1c58f985a}" /><EventID>53504</EventID><Version>1</Version><Level>4</Level><Task>111</Task><Opcode>10</Opcode><Keywords>0x0000000000000000</Keywords><TimeCreated SystemTime="2021-06-16 09:43:36.679214" /><EventRecordID>2484</EventRecordID><Correlation ActivityID="{a98aa8bb-6223-0002-001f-8fa92362d701}" /><Execution ProcessID="8736" ThreadID="14068" /><Channel>Microsoft-Windows-PowerShell/Operational</Channel><Computer>LAPTOP-80LNI1KD</Computer><Security UserID="S-1-5-21-2272772416-3862118069-305090489-1001" /></system><EventData><Data Name="param1">8736</Data><Data Name="param2">DefaultAppDomain</Data></EventData></Event><Event><system><Provider Name="Microsoft-Windows-PowerShell" Guid="{a0c1853b-5c40-4b15-8766-3cf1c58f985a}" /><EventID>53504</EventID><Version>1</Version><Level>4</Level><Task>111</Task><Opcode>10</Opcode><Keywords>0x0000000000000000</Keywords><TimeCreated SystemTime="2021-06-16 09:44:40.888138" /><EventRecordID>2487</EventRecordID><Correlation ActivityID="{a98aa8bb-6223-0003-0329-8da92362d701}" /><Execution ProcessID="10612" ThreadID="14628" /><Channel>Microsoft-Windows-PowerShell/Operational</Channel><Computer>LAPTOP-80LNI1KD</Computer><Security UserID="S-1-5-21-2272772416-3862118069-305090489-1001" /></system><EventData><Data Name="param1">10612</Data><Data Name="param2">DefaultAppDomain</Data></EventData></Event><Event><system><Provider Name="Microsoft-Windows-PowerShell" Guid="{a0c1853b-5c40-4b15-8766-3cf1c58f985a}" /><EventID>53504</EventID><Version>1</Version><Level>4</Level><Task>111</Task><Opcode>10</Opcode><Keywords>0x0000000000000000</Keywords><TimeCreated SystemTime="2021-06-16 10:25:48.484308" /><EventRecordID>2493</EventRecordID><Correlation ActivityID="{a98aa8bb-6223-0001-9146-8ea92362d701}" /><Execution ProcessID="7012" ThreadID="14932" /><Channel>Microsoft-Windows-PowerShell/Operational</Channel><Computer>LAPTOP-80LNI1KD</Computer><Security UserID="S-1-5-21-2272772416-3862118069-305090489-1001" /></system><EventData><Data Name="param1">7012</Data><Data Name="param2">DefaultAppDomain</Data></EventData></Event><Event><system><Provider Name="Microsoft-Windows-PowerShell" Guid="{a0c1853b-5c40-4b15-8766-3cf1c58f985a}" /><EventID>53504</EventID><Version>1</Version><Level>4</Level><Task>111</Task><Opcode>10</Opcode><Keywords>0x0000000000000000</Keywords><TimeCreated SystemTime="2021-06-12 12:20:50.927988" /><EventRecordID>1984</EventRecordID><Correlation ActivityID="{7afa7b78-5f2d-0003-e2d1-fd7a2d5fd701}" /><Execution ProcessID="15488" ThreadID="6916" /><Channel>Microsoft-Windows-PowerShell/Operational</Channel><Computer>LAPTOP-80LNI1KD</Computer><Security UserID="S-1-5-21-2272772416-3862118069-305090489-1001" /></system><EventData><Data Name="param1">15488</Data><Data Name="param2">DefaultAppDomain</Data></EventData></Event><Event><system><Provider Name="Microsoft-Windows-PowerShell" Guid="{a0c1853b-5c40-4b15-8766-3cf1c58f985a}" /><EventID>53504</EventID><Version>1</Version><Level>4</Level><Task>111</Task><Opcode>10</Opcode><Keywords>0x0000000000000000</Keywords><TimeCreated SystemTime="2021-06-12 12:27:28.507219" /><EventRecordID>1987</EventRecordID><Correlation ActivityID="{7afa7b78-5f2d-0003-52e9-fd7a2d5fd701}" /><Execution ProcessID="6276" ThreadID="3052" /><Channel>Microsoft-Windows-PowerShell/Operational</Channel><Computer>LAPTOP-80LNI1KD</Computer><Security UserID="S-1-5-21-2272772416-3862118069-305090489-1001" /></system><EventData><Data Name="param1">6276</Data><Data Name="param2">DefaultAppDomain</Data></EventData></Event><Event><system><Provider Name="Microsoft-Windows-PowerShell" Guid="{a0c1853b-5c40-4b15-8766-3cf1c58f985a}" /><EventID>53504</EventID><Version>1</Version><Level>4</Level><Task>111</Task><Opcode>10</Opcode><Keywords>0x0000000000000000</Keywords><TimeCreated SystemTime="2021-06-12 12:42:43.775311" /><EventRecordID>1989</EventRecordID><Correlation ActivityID="{7afa7b78-5f2d-0000-33a8-007b2d5fd701}" /><Execution ProcessID="15056" ThreadID="16716" /><Channel>Microsoft-Windows-PowerShell/Operational</Channel><Computer>LAPTOP-80LNI1KD</Computer><Security UserID="S-1-5-21-2272772416-3862118069-305090489-1001" /></system><EventData><Data Name="param1">15056</Data><Data Name="param2">LenovoCompanionAppPlugin</Data></EventData></Event><Event><system><Provider Name="Microsoft-Windows-PowerShell" Guid="{a0c1853b-5c40-4b15-8766-3cf1c58f985a}" /><EventID>53504</EventID><Version>1</Version><Level>4</Level><Task>111</Task><Opcode>10</Opcode><Keywords>0x0000000000000000</Keywords><TimeCreated SystemTime="2021-06-13 01:01:40.964169" /><EventRecordID>1991</EventRecordID><Correlation ActivityID="{7afa7b78-5f2d-0000-de10-0d7b2d5fd701}" /><Execution ProcessID="11828" ThreadID="7588" /><Channel>Microsoft-Windows-PowerShell/Operational</Channel><Computer>LAPTOP-80LNI1KD</Computer><Security UserID="S-1-5-18" /></system><EventData><Data Name="param1">11828</Data><Data Name="param2">DefaultAppDomain</Data></EventData></Event><Event><system><Provider Name="Microsoft-Windows-PowerShell" Guid="{a0c1853b-5c40-4b15-8766-3cf1c58f985a}" /><EventID>53504</EventID><Version>1</Version><Level>4</Level><Task>111</Task><Opcode>10</Opcode><Keywords>0x0000000000000000</Keywords><TimeCreated SystemTime="2021-06-13 01:01:42.059448" /><EventRecordID>1994</EventRecordID><Correlation ActivityID="{7afa7b78-5f2d-0000-e310-0d7b2d5fd701}" /><Execution ProcessID="11636" ThreadID="12656" /><Channel>Microsoft-Windows-PowerShell/Operational</Channel><Computer>LAPTOP-80LNI1KD</Computer><Security UserID="S-1-5-18" /></system><EventData><Data Name="param1">11636</Data><Data Name="param2">DefaultAppDomain</Data></EventData></Event><Event><system><Provider Name="Microsoft-Windows-PowerShell" Guid="{a0c1853b-5c40-4b15-8766-3cf1c58f985a}" /><EventID>53504</EventID><Version>1</Version><Level>4</Level><Task>111</Task><Opcode>10</Opcode><Keywords>0x0000000000000000</Keywords><TimeCreated SystemTime="2021-06-13 01:37:56.679165" /><EventRecordID>2116</EventRecordID><Correlation ActivityID="{5c725f44-5ff4-0003-196d-725cf45fd701}" /><Execution ProcessID="11988" ThreadID="12220" /><Channel>Microsoft-Windows-PowerShell/Operational</Channel><Computer>LAPTOP-80LNI1KD</Computer><Security UserID="S-1-5-18" /></system><EventData><Data Name="param1">11988</Data><Data Name="param2">DefaultAppDomain</Data></EventData></Event><Event><system><Provider Name="Microsoft-Windows-PowerShell" Guid="{a0c1853b-5c40-4b15-8766-3cf1c58f985a}" /><EventID>53504</EventID><Version>1</Version><Level>4</Level><Task>111</Task><Opcode>10</Opcode><Keywords>0x0000000000000000</Keywords><TimeCreated SystemTime="2021-06-13 01:38:06.843683" /><EventRecordID>2119</EventRecordID><Correlation ActivityID="{5c725f44-5ff4-0002-ee6f-725cf45fd701}" /><Execution ProcessID="9072" ThreadID="8988" /><Channel>Microsoft-Windows-PowerShell/Operational</Channel><Computer>LAPTOP-80LNI1KD</Computer><Security UserID="S-1-5-18" /></system><EventData><Data Name="param1">9072</Data><Data Name="param2">DefaultAppDomain</Data></EventData></Event></root>